C51 COMPILER V9.00   PROJECT                                                               07/12/2013 14:59:12 PAGE 1   


C51 COMPILER V9.00, COMPILATION OF MODULE PROJECT
OBJECT MODULE PLACED IN project.OBJ
COMPILER INVOKED BY: C:\Keil\C51\BIN\C51.EXE project.c LARGE BROWSE DEBUG OBJECTEXTEND

line level    source

   1          #include<reg51.h>
   2          #include<stdio.h>
   3          void gsm();
   4          void key_scan();
   5          unsigned int row,col,net,t;
   6                  char abhi[15];
   7          sbit RS=P0^0;
   8          sbit E=P0^1;
   9          sbit R1=P2^0;
  10          sbit R2=P2^1;
  11          sbit R3=P2^2;
  12          sbit R4=P2^3;
  13          sbit C1=P2^4;
  14          sbit C2=P2^5;
  15          sbit C3=P2^6;
  16          sbit C4=P2^7;
  17          
  18          sbit g1 = P3^7;
  19          sbit g2 = P3^2;
  20          
  21          void delay(int x)
  22          {
  23   1              int i;
  24   1              for(i=0;i<x;i++);
  25   1      }
  26          void lcd_cmd(char dat)
  27          {
  28   1              P1=dat;
  29   1              RS=0;
  30   1              E=1;
  31   1              delay(1000);
  32   1              E=0;
  33   1      }
  34          
  35          void lcd_data(char dat)
  36          {
  37   1              P1=dat;
  38   1              RS=1;
  39   1              E=1;
  40   1              delay(1000);
  41   1              E=0;
  42   1      }
  43          void lcd_installation()
  44          {
  45   1              lcd_cmd(0X38);
  46   1              lcd_cmd(0X0E);
  47   1              lcd_cmd(0X06);
  48   1              lcd_cmd(0X01);
  49   1              lcd_cmd(0X80);
  50   1      }
  51          
  52           void key_scan2()
  53          {
  54   1              P2=0xf0;
  55   1              do
C51 COMPILER V9.00   PROJECT                                                               07/12/2013 14:59:12 PAGE 2   

  56   1              {
  57   2                      R1=R2=R3=R4=0;
  58   2              }
  59   1              while(C1==1&&C2==1&&C3==1&&C4==1);
  60   1      
  61   1              if(C1==0)       col=0x01;
  62   1              if(C2==0)   col=0x02;
  63   1              if(C3==0)       col=0x03;
  64   1              if(C4==0)       col=0X04;
  65   1      
  66   1              P2=0x0f;
  67   1              do
  68   1              {
  69   2                      C1=C2=C3=C4=0;
  70   2              }
  71   1              while(R1==1&&R2==1&&R3==1&&R4==1);
  72   1      
  73   1              if(R1==0)       row=0x00;
  74   1              if(R2==0)       row=0x04;
  75   1              if(R3==0)       row=0x08;
  76   1              if(R4==0)       row=0x0c;
  77   1      
  78   1              net=row+col;
  79   1      
  80   1              if(net==0x0a)                   net = 0x09;
  81   1              else if(net==0x0b)              net = 0x00;
  82   1      
  83   1      
  84   1      }
  85          void serial_init()
  86          {
  87   1              SCON=0X50;
  88   1              TMOD=0X20;
  89   1              TH1=0XFD;
  90   1              TR1=1;
  91   1      }
  92          void serial_trans(unsigned char trans)
  93          {
  94   1              SBUF=trans;
  95   1              while(TI==0);
  96   1              TI=0;
  97   1      }
  98          
  99          /*void serial_rec(unsigned char rec)
 100          {
 101                  while(RI==0);
 102                  rec=SBUF;
 103                  RI=0;
 104          }*/ 
 105          
 106          void gsm()
 107          { 
 108   1              int i;
 109   1              char arr1[]="";
 110   1              unsigned char arr2[]="ENTER NUMBER";
 111   1              g1=1;g2=0;
 112   1              lcd_cmd(0x01);
 113   1              lcd_cmd(0x80);
 114   1              for(i=0;i<12;i++)
 115   1              {
 116   2                      lcd_data(arr2[i]);
 117   2              }
C51 COMPILER V9.00   PROJECT                                                               07/12/2013 14:59:12 PAGE 3   

 118   1              lcd_cmd(0xc0);
 119   1              for(i=0;i<10;i++)
 120   1              {
 121   2                      key_scan2();    
 122   2                      abhi[i]=arr1[i]=net+0x30;
 123   2                      lcd_data(arr1[i]);
 124   2                      delay(30000);           
 125   2              } 
 126   1              TI=0;
 127   1              serial_trans('A');
 128   1              serial_trans('T');
 129   1              serial_trans('D');
 130   1      
 131   1              for(i=0;i<10;i++)
 132   1              {
 133   2               serial_trans(arr1[i]);
 134   2              } 
 135   1              delay(3000);
 136   1      }
 137          
 138          void call()
 139          { 
 140   1              int i;
 141   1              unsigned char arr3[]="CALLING....";
 142   1              g1=1;g2=0;
 143   1              t=1;
 144   1              SBUF=';';
 145   1              while(TI==0);
 146   1              TI=0;
 147   1              SBUF=0x0d;
 148   1              while(TI==0);
 149   1              delay(30000);delay(30000);delay(30000);delay(30000);
 150   1              lcd_cmd(0x01);
 151   1              delay(3000);
 152   1              lcd_cmd(0x80);
 153   1              delay(3000);
 154   1              for(i=0;i<11;i++)
 155   1              {
 156   2                      lcd_data(arr3[i]);
 157   2                      delay(300);     
 158   2              }
 159   1      
 160   1      
 161   1      }
 162            
 163          void key_scan()
 164          {
 165   1              P2=0xf0;
 166   1              do
 167   1              {
 168   2                      R1=R2=R3=R4=0;
 169   2              }
 170   1              while(C1==1&&C2==1&&C3==1&&C4==1);
 171   1      
 172   1              if(C1==0)       col=0x01;
 173   1              if(C2==0)   col=0x02;
 174   1              if(C3==0)       col=0x03;
 175   1              if(C4==0)       col=0X04;
 176   1      
 177   1              P2=0x0f;
 178   1              do
 179   1              {
C51 COMPILER V9.00   PROJECT                                                               07/12/2013 14:59:12 PAGE 4   

 180   2                      C1=C2=C3=C4=0;
 181   2              }
 182   1              while(R1==1&&R2==1&&R3==1&&R4==1);
 183   1      
 184   1              if(R1==0)       row=0x00;
 185   1              if(R2==0)       row=0x04;
 186   1              if(R3==0)       row=0x08;
 187   1              if(R4==0)       row=0x0c;
 188   1      
 189   1              net=row+col;
 190   1      
 191   1              if(net==0x0a)                   net = 0x09;
 192   1              else if(net==0x0b)              net = 0x00;
 193   1      }
 194           
 195          void key_scan1()
 196          {
 197   1      unsigned int gh;
 198   1              P2=0xf0;
 199   1              
 200   1                      R1=R2=R3=R4=0;
 201   1              while(C1==1&&C2==1&&C3==1&&C4==1)
 202   1              {
 203   2              gh=gh+1;
 204   2              if(gh>30000)
 205   2              {
 206   3              gh=0;
 207   3              goto end;
 208   3              }
 209   2              }
 210   1      
 211   1              if(C1==0)       col=0x00;
 212   1              if(C2==0)   col=0x01;
 213   1              if(C3==0)       col=0x02;
 214   1              if(C4==0)       col=0X03;
 215   1      
 216   1              P2=0x0f;
 217   1              do
 218   1              {
 219   2                      C1=C2=C3=C4=0;
 220   2              }
 221   1              while(R1==1&&R2==1&&R3==1&&R4==1);
 222   1      
 223   1              if(R1==0)       row=0x00;
 224   1              if(R2==0)       row=0x04;
 225   1              if(R3==0)       row=0x08;
 226   1              if(R4==0)       row=0x0c;
 227   1      
 228   1              net=row+col;
 229   1              end:
 230   1              delay(300);
 231   1              if(net==0x0a)                   net = 0x09;
 232   1              else if(net==0x0b)              net = 0x00;
 233   1      }
 234          void gps();     
 235          void halt()
 236          {
 237   1              int i;
 238   1              char arr5[]="CALL ENDED";
 239   1              g1=1;g2=0;
 240   1              TI=0;
 241   1              serial_trans('A');
C51 COMPILER V9.00   PROJECT                                                               07/12/2013 14:59:12 PAGE 5   

 242   1              serial_trans('T');
 243   1              serial_trans('H');
 244   1              serial_trans(0x0d);
 245   1              TI=1;
 246   1              delay(30000);delay(30000);delay(30000);delay(30000);
 247   1              lcd_cmd(0x01);
 248   1              delay(3000);
 249   1              lcd_cmd(0x80);
 250   1              delay(3000);
 251   1              for(i=0;i<10;i++)
 252   1      
 253   1              {
 254   2                      lcd_data(arr5[i]);
 255   2                      delay(300);     
 256   2              }
 257   1              if(t==1)
 258   1              {  t=0;
 259   2                 gps();
 260   2                 }
 261   1      }
 262          
 263          void rec()
 264          {
 265   1              int i,i11,j;
 266   1              int hr,min,sec,a,b,c;
 267   1              char arr4[]="CALL RECIEVED";
 268   1              
 269   1              unsigned char arr6[9]="CALL FROM";
 270   1              g1=1;g2=0;
 271   1              t=1;
 272   1              P2 = 0xf0;
 273   1              lcd_cmd(0xc0);
 274   1                                              for(i=0;i<13;i++)
 275   1              {
 276   2                      lcd_data(arr4[i]);
 277   2                      delay(300);     
 278   2              }
 279   1      
 280   1         lcd_cmd(0x80);
 281   1              do
 282   1              {
 283   2                      while(RI==0);
 284   2                      RI=0;
 285   2              }while(SBUF != '+');
 286   1      
 287   1              
 288   1              do
 289   1              {
 290   2                      while(RI==0);
 291   2                      RI=0;
 292   2              }while(SBUF != '9');
 293   1      
 294   1              
 295   1              do
 296   1              {
 297   2                      while(RI==0);
 298   2                      RI=0;
 299   2              }while(SBUF != '1'); 
 300   1      
 301   1      
 302   1              i11=0;
 303   1              for(i=0;i<10;i++)
C51 COMPILER V9.00   PROJECT                                                               07/12/2013 14:59:12 PAGE 6   

 304   1              {
 305   2                      while(RI==0);
 306   2                      RI=0;
 307   2                      abhi[i11] = SBUF;
 308   2                      i11++;
 309   2              }//while(abhi != '"');
 310   1      
 311   1              lcd_cmd(0x80);
 312   1              delay(3000);
 313   1              for(i=0;i<i11;i++)
 314   1              {
 315   2                      lcd_data(abhi[i]);
 316   2                      delay(300);     
 317   2              }
 318   1      
 319   1              TI=0;
 320   1              serial_trans('A');
 321   1              serial_trans('T');
 322   1              serial_trans('A');
 323   1              serial_trans(0x0d);
 324   1              TI=1;
 325   1              delay(30000);delay(30000);
 326   1              
 327   1              delay(3000);
 328   1              lcd_cmd(0x80);
 329   1              delay(3000);
 330   1      
 331   1              lcd_cmd(0xc0);     
 332   1              for(hr=0;hr<12;hr++)
 333   1              {         
 334   2                        
 335   2                      for(min=0;min<60;min++)
 336   2                      {
 337   3                              
 338   3                              for(sec=0;sec<60;sec++)
 339   3                              {
 340   4                              
 341   4                                      lcd_cmd(0Xc0);
 342   4                                      a=hr/10;
 343   4                                      lcd_data(0x30+a);
 344   4                                      a=hr%10;
 345   4                                      lcd_data(0x30+a);
 346   4                                      delay(3000);
 347   4                                      lcd_data(':');
 348   4                                      lcd_cmd(0Xc3);
 349   4                                      b=min/10;
 350   4                                      lcd_data(0x30+b);
 351   4                                  b=min%10;
 352   4                                      lcd_data(0x30+b);
 353   4                                      delay(32000);
 354   4                                      lcd_data(':');
 355   4                                      lcd_cmd(0Xc6);
 356   4                                      c=sec/10;
 357   4                                      lcd_data(0x30+c);
 358   4                                      c=sec%10;
 359   4                                      lcd_data(0x30+c);
 360   4                                      lcd_data(' ');
 361   4                                      lcd_data(' ');
 362   4                                      lcd_data(' ');
 363   4                                      lcd_data(' ');
 364   4                                       lcd_data(' ');
 365   4      
C51 COMPILER V9.00   PROJECT                                                               07/12/2013 14:59:12 PAGE 7   

 366   4                                      
 367   4                                      while(P2 != 0xf0)
 368   4                                      {
 369   5      
 370   5                                        key_scan2();
 371   5      
 372   5                                      if(net==0x0c)   
 373   5                                      {       
 374   6                                              halt();
 375   6                                              lcd_cmd(0Xc0);
 376   6                                              a=hr/10;
 377   6                                              lcd_data(0x30+a);
 378   6                                              a=hr%10;
 379   6                                              lcd_data(0x30+a);
 380   6                                              delay(3000);
 381   6                                              lcd_data(':');
 382   6                                              lcd_cmd(0Xc3);
 383   6                                              b=min/10;
 384   6                                              lcd_data(0x30+b);
 385   6                                          b=min%10;
 386   6                                              lcd_data(0x30+b);
 387   6                                              delay(13250);
 388   6                                              lcd_data(':');
 389   6                                              lcd_cmd(0Xc6);
 390   6                                              c=sec/10;
 391   6                                              lcd_data(0x30+c);
 392   6                                              c=sec%10;
 393   6                                              lcd_data(0x30+c);
 394   6                                              goto zxc;}
 395   5                                      } 
 396   4      
 397   4                                                                 
 398   4                                      
 399   4                                      }  
 400   3                              }
 401   2                      }  
 402   1                      
 403   1              zxc:
 404   1              //gps();
 405   1              delay(1);
 406   1      }
*** WARNING C280 IN LINE 265 OF PROJECT.C: 'j': unreferenced local variable
 407                  
 408          void msgread()
 409          {
 410   1      unsigned char gur[99];
 411   1              int i,x,j;
 412   1              
 413   1              char arr4[]="AT+CMGF=1";
 414   1              char ar4[]="AT+CMGR=";
 415   1              char ar1[]="msg number ";
 416   1              g1=1;g2=0;
 417   1              TI=0;
 418   1              for(i=0;i<9;i++)
 419   1              {
 420   2                      serial_trans(arr4[i]);
 421   2              }
 422   1              TI=0;
 423   1              SBUF=0x0d;
 424   1              while(TI==0);
 425   1              TI=0;
 426   1              lcd_cmd(0x80);
C51 COMPILER V9.00   PROJECT                                                               07/12/2013 14:59:12 PAGE 8   

 427   1              lcd_cmd(0x01);
 428   1              for(i=0;i<8;i++)
 429   1              {
 430   2                      
 431   2                      lcd_data(ar4[i]);
 432   2                      serial_trans(ar4[i]);
 433   2                      delay(300);
 434   2              }
 435   1                      lcd_cmd(0xc0);
 436   1         for(i=0;i<11;i++)
 437   1              {
 438   2                      lcd_data(ar1[i]);
 439   2                      delay(300);
 440   2              }
 441   1              key_scan2();
 442   1              delay(30000);
 443   1              x=net+0x30;
 444   1              lcd_cmd(0x88);
 445   1              lcd_data(x);
 446   1              SBUF=x;
 447   1              while(TI==0);
 448   1              TI=0;
 449   1                      SBUF=0x0d;
 450   1              while(TI==0);
 451   1              TI=0;
 452   1              i=0;
 453   1      /*      
 454   1              do
 455   1              {
 456   1              while(RI==0);
 457   1          j=SBUF;
 458   1              RI=0;}while(i<40);*/
 459   1              for(i=0;i<99;i++)
 460   1              {               
 461   2              while(RI==0);
 462   2              gur[i]=SBUF;
 463   2              RI=0;
 464   2              }        lcd_cmd(0x01);
 465   1                      for(i=40;i<99;i++)
 466   1              {               
 467   2            lcd_data(gur[i]);
 468   2                delay(3000);
 469   2              } 
 470   1      
 471   1              delay(30000);delay(30000);delay(30000);delay(30000);
 472   1      }
*** WARNING C280 IN LINE 411 OF PROJECT.C: 'j': unreferenced local variable
 473          void msgdel()
 474          {
 475   1              int i,x;
 476   1              char ar1[]="msg number ";
 477   1              char arr5[]="AT+CMGD=";
 478   1              g1=1;g2=0;
 479   1              TI=0;
 480   1              for(i=0;i<8;i++)
 481   1              {
 482   2                      lcd_data(arr5[i]);
 483   2                      serial_trans(arr5[i]);
 484   2                      delay(300);
 485   2              }
 486   1              TI=0;
 487   1              
C51 COMPILER V9.00   PROJECT                                                               07/12/2013 14:59:12 PAGE 9   

 488   1              lcd_cmd(0xc0);
 489   1          for(i=0;i<11;i++)
 490   1              {
 491   2                      lcd_data(ar1[i]);
 492   2                      delay(300);
 493   2              }
 494   1              key_scan2();
 495   1              delay(30000);
 496   1              x=net+0x30;
 497   1              lcd_cmd(0x88);
 498   1              lcd_data(x);
 499   1              SBUF=x;
 500   1              while(TI==0);
 501   1              TI=0;
 502   1              SBUF=0x0d;
 503   1              while(TI==0);
 504   1              TI=0;
 505   1              delay(30000);delay(30000);delay(30000);delay(30000);
 506   1      }  
 507           
 508          void gps()
 509          {        
 510   1              int i,temp[60],abc;
 511   1          g1=0;g2=1;                                                            
 512   1              do
 513   1              {
 514   2                      while(RI==0);
 515   2                      RI=0;
 516   2              }
 517   1              while(SBUF!='$');
 518   1              do
 519   1              {
 520   2              while(RI==0);
 521   2              RI=0;
 522   2              }       
 523   1              while(SBUF!='G');
 524   1              do
 525   1              {
 526   2                      while(RI==0);
 527   2                      RI=0;
 528   2              }
 529   1              while(SBUF!='P');
 530   1              do
 531   1              {
 532   2                      while(RI==0);
 533   2                      RI=0;
 534   2              }
 535   1              while(SBUF!='G');
 536   1              do
 537   1              {
 538   2                      while(RI==0);
 539   2                      RI=0;
 540   2              }
 541   1              while(SBUF!='G');
 542   1              do
 543   1              {
 544   2                      while(RI==0);
 545   2                      RI=0;
 546   2              }
 547   1              while(SBUF!='A');
 548   1      
 549   1              for(i=0;i<50;i++)
C51 COMPILER V9.00   PROJECT                                                               07/12/2013 14:59:12 PAGE 10  

 550   1              {
 551   2                      while(!RI);
 552   2                      temp[i]=SBUF;
 553   2                      RI=0;
 554   2              }
 555   1              //lcd_cmd(0x80);
 556   1              //for(i=12;i<44;i++)
 557   1              //{
 558   1      //      lcd_data(temp[i]);
 559   1      //      }
 560   1              
 561   1              g1=1;g2=0;
 562   1              
 563   1              TI = 1;
 564   1              printf("AT+CMGF+1\n");
 565   1              delay(30000);
 566   1              printf("AT+CMGS=\"9478050001\"\n");
 567   1              delay(30000);
 568   1              printf("Longitude:");
 569   1      
 570   1              for(abc=12;abc<24;abc++)
 571   1              {
 572   2              TI = 0;
 573   2              SBUF=temp[abc];
 574   2              while(TI==0);
 575   2              TI=0;
 576   2              }
 577   1      
 578   1              delay(30000);
 579   1              TI=1;
 580   1              printf("Lattitude:");
 581   1      
 582   1              for(abc=26;abc<40;abc++)
 583   1              {
 584   2              TI = 0;
 585   2              SBUF=temp[abc];
 586   2              while(TI==0);
 587   2              TI=0;
 588   2              }
 589   1              delay(30000);
 590   1                               SBUF=0x0d;
 591   1              while(TI==0);
 592   1              TI=0;
 593   1                      for(abc=0;abc<10;abc++)
 594   1              {
 595   2              TI = 0;
 596   2              SBUF=abhi[abc];
 597   2              while(TI==0);
 598   2              TI=0;
 599   2              }
 600   1      
 601   1              
 602   1              TI = 0;
 603   1              SBUF=0x1a;
 604   1              while(TI==0);
 605   1              TI=0;  
 606   1      
 607   1      }
 608           
 609                  
 610          void main()
 611          {
C51 COMPILER V9.00   PROJECT                                                               07/12/2013 14:59:12 PAGE 11  

 612   1              unsigned char a[]=" ";
 613   1              lcd_installation();
 614   1              serial_init();
 615   1               //gps();
 616   1              
 617   1              while(1) 
 618   1              {
 619   2               
 620   2                      key_scan2();
 621   2                      if(net==0x0a)           net = 0x09;
 622   2              else if(net==0x0b)      net = 0x00;
 623   2      
 624   2                      else if(net==0x09)              call();
 625   2                      else if(net==0x0c)              halt();
 626   2                      else if(net==0x0d)              gsm(); 
 627   2                      else if(net==0x0e)              rec();
 628   2                      else if(net==0X0f)              msgread();
 629   2                      else                                    msgdel();
 630   2              }       
 631   1      }                        


MODULE INFORMATION:   STATIC OVERLAYABLE
   CODE SIZE        =   2923    ----
   CONSTANT SIZE    =    169    ----
   XDATA SIZE       =     23     353
   PDATA SIZE       =   ----    ----
   DATA SIZE        =   ----    ----
   IDATA SIZE       =   ----    ----
   BIT SIZE         =   ----    ----
END OF MODULE INFORMATION.


C51 COMPILATION COMPLETE.  2 WARNING(S),  0 ERROR(S)
